<?xml version="1.0" encoding="UTF-8"?>
<!-- Generated by org.testng.reporters.JUnitReportReporter -->
<testsuite skipped="0" hostname="CheilVN-VanQC" name="projectss.testcases.MetaTestNew" tests="46" failures="1" timestamp="2024-06-10T17:32:41 ICT" time="185.678" errors="0">
  <testcase name="signIn" time="3.601" classname="projectss.testcases.MetaTestNew"/>
  <system-out/>
  <testcase name="verifyExistOfMetaContent2" time="3.139" classname="projectss.testcases.MetaTestNew"/>
  <system-out/>
  <testcase name="verifyExistOfMetaContent2" time="3.476" classname="projectss.testcases.MetaTestNew"/>
  <system-out/>
  <testcase name="verifyExistOfMetaContent2" time="4.164" classname="projectss.testcases.MetaTestNew"/>
  <system-out/>
  <testcase name="verifyExistOfMetaContent2" time="3.641" classname="projectss.testcases.MetaTestNew"/>
  <system-out/>
  <testcase name="verifyExistOfMetaContent2" time="4.728" classname="projectss.testcases.MetaTestNew"/>
  <system-out/>
  <testcase name="verifyExistOfMetaContent2" time="3.747" classname="projectss.testcases.MetaTestNew"/>
  <system-out/>
  <testcase name="verifyExistOfMetaContent2" time="2.758" classname="projectss.testcases.MetaTestNew"/>
  <system-out/>
  <testcase name="verifyExistOfMetaContent2" time="2.403" classname="projectss.testcases.MetaTestNew"/>
  <system-out/>
  <testcase name="verifyExistOfMetaContent2" time="3.603" classname="projectss.testcases.MetaTestNew"/>
  <system-out/>
  <testcase name="verifyExistOfMetaContent2" time="3.883" classname="projectss.testcases.MetaTestNew"/>
  <system-out/>
  <testcase name="verifyExistOfMetaContent2" time="3.560" classname="projectss.testcases.MetaTestNew"/>
  <system-out/>
  <testcase name="verifyExistOfMetaContent2" time="2.422" classname="projectss.testcases.MetaTestNew"/>
  <system-out/>
  <testcase name="verifyExistOfMetaContent2" time="4.878" classname="projectss.testcases.MetaTestNew"/>
  <system-out/>
  <testcase name="verifyExistOfMetaContent2" time="3.128" classname="projectss.testcases.MetaTestNew"/>
  <system-out/>
  <testcase name="verifyExistOfMetaContent2" time="3.205" classname="projectss.testcases.MetaTestNew"/>
  <system-out/>
  <testcase name="verifyExistOfMetaContent2" time="10.222" classname="projectss.testcases.MetaTestNew"/>
  <system-out/>
  <testcase name="verifyExistOfMetaContent2" time="2.345" classname="projectss.testcases.MetaTestNew"/>
  <system-out/>
  <testcase name="verifyExistOfMetaContent2" time="2.562" classname="projectss.testcases.MetaTestNew"/>
  <system-out/>
  <testcase name="verifyExistOfMetaContent2" time="3.084" classname="projectss.testcases.MetaTestNew"/>
  <system-out/>
  <testcase name="verifyExistOfMetaContent2" time="3.673" classname="projectss.testcases.MetaTestNew"/>
  <system-out/>
  <testcase name="verifyExistOfMetaContent2" time="3.228" classname="projectss.testcases.MetaTestNew"/>
  <system-out/>
  <testcase name="verifyExistOfMetaContent2" time="3.403" classname="projectss.testcases.MetaTestNew"/>
  <system-out/>
  <testcase name="verifyExistOfMetaContent2" time="3.131" classname="projectss.testcases.MetaTestNew"/>
  <system-out/>
  <testcase name="verifyExistOfMetaContent2" time="2.995" classname="projectss.testcases.MetaTestNew">
    <failure type="java.lang.AssertionError" message="Fail URL: https://p6-qa.samsung.com/vn/business/mobile-accessories/galaxy-a35-5g-card-slot-case-black-ef-oa356tbegww expected [true] but found [false]">
      <![CDATA[java.lang.AssertionError: Fail URL: https://p6-qa.samsung.com/vn/business/mobile-accessories/galaxy-a35-5g-card-slot-case-black-ef-oa356tbegww expected [true] but found [false]
at org.testng.Assert.fail(Assert.java:99)
at org.testng.Assert.failNotEquals(Assert.java:1037)
at org.testng.Assert.assertTrue(Assert.java:45)
at projectss.testcases.MetaTestNew.verifyExistOfMetaContent2(MetaTestNew.java:84)
at sun.reflect.GeneratedMethodAccessor1.invoke(Unknown Source)
at sun.reflect.DelegatingMethodAccessorImpl.invoke(DelegatingMethodAccessorImpl.java:43)
at java.lang.reflect.Method.invoke(Method.java:498)
at org.testng.internal.MethodInvocationHelper.invokeMethod(MethodInvocationHelper.java:133)
at org.testng.internal.TestInvoker.invokeMethod(TestInvoker.java:598)
at org.testng.internal.TestInvoker.invokeTestMethod(TestInvoker.java:173)
at org.testng.internal.MethodRunner.runInSequence(MethodRunner.java:46)
at org.testng.internal.TestInvoker$MethodInvocationAgent.invoke(TestInvoker.java:824)
at org.testng.internal.TestInvoker.invokeTestMethods(TestInvoker.java:146)
at org.testng.internal.TestMethodWorker.invokeTestMethods(TestMethodWorker.java:146)
at org.testng.internal.TestMethodWorker.run(TestMethodWorker.java:128)
at java.util.ArrayList.forEach(ArrayList.java:1259)
at org.testng.TestRunner.privateRun(TestRunner.java:794)
at org.testng.TestRunner.run(TestRunner.java:596)
at org.testng.SuiteRunner.runTest(SuiteRunner.java:377)
at org.testng.SuiteRunner.runSequentially(SuiteRunner.java:371)
at org.testng.SuiteRunner.privateRun(SuiteRunner.java:332)
at org.testng.SuiteRunner.run(SuiteRunner.java:276)
at org.testng.SuiteRunnerWorker.runSuite(SuiteRunnerWorker.java:53)
at org.testng.SuiteRunnerWorker.run(SuiteRunnerWorker.java:96)
at org.testng.TestNG.runSuitesSequentially(TestNG.java:1212)
at org.testng.TestNG.runSuitesLocally(TestNG.java:1134)
at org.testng.TestNG.runSuites(TestNG.java:1063)
at org.testng.TestNG.run(TestNG.java:1031)
at com.intellij.rt.testng.IDEARemoteTestNG.run(IDEARemoteTestNG.java:66)
at com.intellij.rt.testng.RemoteTestNGStarter.main(RemoteTestNGStarter.java:105)
]]>
    </failure>
  </testcase> <!-- verifyExistOfMetaContent2 -->
  <system-out/>
  <testcase name="verifyExistOfMetaContent2" time="24.025" classname="projectss.testcases.MetaTestNew"/>
  <system-out/>
  <testcase name="verifyExistOfMetaContent2" time="2.679" classname="projectss.testcases.MetaTestNew"/>
  <system-out/>
  <testcase name="verifyExistOfMetaContent2" time="3.615" classname="projectss.testcases.MetaTestNew"/>
  <system-out/>
  <testcase name="verifyExistOfMetaContent2" time="2.817" classname="projectss.testcases.MetaTestNew"/>
  <system-out/>
  <testcase name="verifyExistOfMetaContent2" time="2.749" classname="projectss.testcases.MetaTestNew"/>
  <system-out/>
  <testcase name="verifyExistOfMetaContent2" time="3.908" classname="projectss.testcases.MetaTestNew"/>
  <system-out/>
  <testcase name="verifyExistOfMetaContent2" time="4.933" classname="projectss.testcases.MetaTestNew"/>
  <system-out/>
  <testcase name="verifyExistOfMetaContent2" time="3.336" classname="projectss.testcases.MetaTestNew"/>
  <system-out/>
  <testcase name="verifyExistOfMetaContent2" time="4.609" classname="projectss.testcases.MetaTestNew"/>
  <system-out/>
  <testcase name="verifyExistOfMetaContent2" time="3.401" classname="projectss.testcases.MetaTestNew"/>
  <system-out/>
  <testcase name="verifyExistOfMetaContent2" time="2.785" classname="projectss.testcases.MetaTestNew"/>
  <system-out/>
  <testcase name="verifyExistOfMetaContent2" time="3.692" classname="projectss.testcases.MetaTestNew"/>
  <system-out/>
  <testcase name="verifyExistOfMetaContent2" time="4.060" classname="projectss.testcases.MetaTestNew"/>
  <system-out/>
  <testcase name="verifyExistOfMetaContent2" time="5.421" classname="projectss.testcases.MetaTestNew"/>
  <system-out/>
  <testcase name="verifyExistOfMetaContent2" time="2.736" classname="projectss.testcases.MetaTestNew"/>
  <system-out/>
  <testcase name="verifyExistOfMetaContent2" time="3.400" classname="projectss.testcases.MetaTestNew"/>
  <system-out/>
  <testcase name="verifyExistOfMetaContent2" time="3.355" classname="projectss.testcases.MetaTestNew"/>
  <system-out/>
  <testcase name="verifyExistOfMetaContent2" time="3.364" classname="projectss.testcases.MetaTestNew"/>
  <system-out/>
  <testcase name="verifyExistOfMetaContent2" time="3.281" classname="projectss.testcases.MetaTestNew"/>
  <system-out/>
  <testcase name="verifyExistOfMetaContent2" time="3.484" classname="projectss.testcases.MetaTestNew"/>
  <system-out/>
  <testcase name="verifyExistOfMetaContent2" time="3.049" classname="projectss.testcases.MetaTestNew"/>
  <system-out/>
</testsuite> <!-- projectss.testcases.MetaTestNew -->
