<?xml version="1.0" encoding="UTF-8"?>
<!-- Generated by org.testng.reporters.JUnitReportReporter -->
<testsuite skipped="0" hostname="CheilVN-VanQC" name="projectss.testcases.MetaTestNew" tests="26" failures="0" timestamp="2024-06-14T11:46:21 ICT" time="175.826" errors="0">
  <testcase name="signIn" time="5.204" classname="projectss.testcases.MetaTestNew"/>
  <system-out/>
  <testcase name="verifyExistOfMetaContent2" time="3.978" classname="projectss.testcases.MetaTestNew"/>
  <system-out/>
  <testcase name="verifyExistOfMetaContent2" time="6.461" classname="projectss.testcases.MetaTestNew"/>
  <system-out/>
  <testcase name="verifyExistOfMetaContent2" time="9.122" classname="projectss.testcases.MetaTestNew"/>
  <system-out/>
  <testcase name="verifyExistOfMetaContent2" time="4.869" classname="projectss.testcases.MetaTestNew"/>
  <system-out/>
  <testcase name="verifyExistOfMetaContent2" time="9.006" classname="projectss.testcases.MetaTestNew"/>
  <system-out/>
  <testcase name="verifyExistOfMetaContent2" time="11.447" classname="projectss.testcases.MetaTestNew"/>
  <system-out/>
  <testcase name="verifyExistOfMetaContent2" time="6.176" classname="projectss.testcases.MetaTestNew"/>
  <system-out/>
  <testcase name="verifyExistOfMetaContent2" time="5.086" classname="projectss.testcases.MetaTestNew"/>
  <system-out/>
  <testcase name="verifyExistOfMetaContent2" time="5.956" classname="projectss.testcases.MetaTestNew"/>
  <system-out/>
  <testcase name="verifyExistOfMetaContent2" time="8.712" classname="projectss.testcases.MetaTestNew"/>
  <system-out/>
  <testcase name="verifyExistOfMetaContent2" time="5.045" classname="projectss.testcases.MetaTestNew"/>
  <system-out/>
  <testcase name="verifyExistOfMetaContent2" time="4.916" classname="projectss.testcases.MetaTestNew"/>
  <system-out/>
  <testcase name="verifyExistOfMetaContent2" time="6.895" classname="projectss.testcases.MetaTestNew"/>
  <system-out/>
  <testcase name="verifyExistOfMetaContent2" time="3.911" classname="projectss.testcases.MetaTestNew"/>
  <system-out/>
  <testcase name="verifyExistOfMetaContent2" time="8.541" classname="projectss.testcases.MetaTestNew"/>
  <system-out/>
  <testcase name="verifyExistOfMetaContent2" time="10.539" classname="projectss.testcases.MetaTestNew"/>
  <system-out/>
  <testcase name="verifyExistOfMetaContent2" time="6.627" classname="projectss.testcases.MetaTestNew"/>
  <system-out/>
  <testcase name="verifyExistOfMetaContent2" time="7.316" classname="projectss.testcases.MetaTestNew"/>
  <system-out/>
  <testcase name="verifyExistOfMetaContent2" time="7.844" classname="projectss.testcases.MetaTestNew"/>
  <system-out/>
  <testcase name="verifyExistOfMetaContent2" time="8.411" classname="projectss.testcases.MetaTestNew"/>
  <system-out/>
  <testcase name="verifyExistOfMetaContent2" time="4.430" classname="projectss.testcases.MetaTestNew"/>
  <system-out/>
  <testcase name="verifyExistOfMetaContent2" time="7.399" classname="projectss.testcases.MetaTestNew"/>
  <system-out/>
  <testcase name="verifyExistOfMetaContent2" time="8.218" classname="projectss.testcases.MetaTestNew"/>
  <system-out/>
  <testcase name="verifyExistOfMetaContent2" time="4.203" classname="projectss.testcases.MetaTestNew"/>
  <system-out/>
  <testcase name="verifyExistOfMetaContent2" time="5.514" classname="projectss.testcases.MetaTestNew"/>
  <system-out/>
</testsuite> <!-- projectss.testcases.MetaTestNew -->
