<?xml version="1.0" encoding="UTF-8"?>
<!-- Generated by org.testng.reporters.JUnitReportReporter -->
<testsuite skipped="0" hostname="CheilVN-VanQC" name="projectss.testcases.MetaTestNew" tests="9" failures="0" timestamp="2024-06-26T17:53:14 ICT" time="18.786" errors="0">
  <testcase name="signIn" time="5.008" classname="projectss.testcases.MetaTestNew"/>
  <system-out/>
  <testcase name="verifyExistOfMetaContent2" time="1.527" classname="projectss.testcases.MetaTestNew"/>
  <system-out/>
  <testcase name="verifyExistOfMetaContent2" time="1.855" classname="projectss.testcases.MetaTestNew"/>
  <system-out/>
  <testcase name="verifyExistOfMetaContent2" time="1.550" classname="projectss.testcases.MetaTestNew"/>
  <system-out/>
  <testcase name="verifyExistOfMetaContent2" time="2.214" classname="projectss.testcases.MetaTestNew"/>
  <system-out/>
  <testcase name="verifyExistOfMetaContent2" time="1.858" classname="projectss.testcases.MetaTestNew"/>
  <system-out/>
  <testcase name="verifyExistOfMetaContent2" time="1.636" classname="projectss.testcases.MetaTestNew"/>
  <system-out/>
  <testcase name="verifyExistOfMetaContent2" time="1.600" classname="projectss.testcases.MetaTestNew"/>
  <system-out/>
  <testcase name="verifyExistOfMetaContent2" time="1.538" classname="projectss.testcases.MetaTestNew"/>
  <system-out/>
</testsuite> <!-- projectss.testcases.MetaTestNew -->
